<?xml version="1.0" encoding="UTF-8"?>
<!-- Generated by org.testng.reporters.JUnitXMLReporter -->
<testsuite hostname="code4lifes-MacBook-Pro.local" ignored="0" name="Command line test" tests="4" failures="0" timestamp="12 Feb 2023 14:04:42 GMT" time="40.986" errors="0">
  <testcase name="verifyUserNameLabel" time="0.139" classname="code4life.tests.TestUserNameLabel"/>
  <testcase name="testLoginFunc" time="5.836" classname="code4life.tests.LoginTest"/>
  <testcase name="verifyTitle" time="0.052" classname="code4life.tests.TestTitle"/>
  <testcase name="verifyCartFunctionality" time="5.131" classname="code4life.tests.TestCartFunc"/>
</testsuite> <!-- Command line test -->
